src-gen/testprojekt.androidLollipop/md2_app_testprojektApp/app/build/outputs/logs/manifest-merger-debug-report.txt
-- Merging decision tree log ---
manifest
ADDED from src\main\AndroidManifest.xml:3:1-24:12
INJECTED from src\main\AndroidManifest.xml:3:1-24:12
INJECTED from src\main\AndroidManifest.xml:3:1-24:12
INJECTED from src\main\AndroidManifest.xml:3:1-24:12
MERGED from [:md2Library-debug] AndroidManifest.xml:2:1-12:12
INJECTED from src\main\AndroidManifest.xml:3:1-24:12
INJECTED from src\main\AndroidManifest.xml:3:1-24:12
INJECTED from src\main\AndroidManifest.xml:3:1-24:12
	package
		ADDED from src\main\AndroidManifest.xml:4:5-30
		INJECTED from src\main\AndroidManifest.xml
		INJECTED from src\main\AndroidManifest.xml
	android:versionName
		INJECTED from src\main\AndroidManifest.xml
		ADDED from src\main\AndroidManifest.xml:3:1-24:12
		INJECTED from src\main\AndroidManifest.xml
	android:versionCode
		INJECTED from src\main\AndroidManifest.xml
		ADDED from src\main\AndroidManifest.xml:3:1-24:12
		INJECTED from src\main\AndroidManifest.xml
	xmlns:android
		ADDED from src\main\AndroidManifest.xml:3:11-69
application
ADDED from src\main\AndroidManifest.xml:5:5-23:19
	android:label
		ADDED from src\main\AndroidManifest.xml:9:9-41
	android:icon
		ADDED from src\main\AndroidManifest.xml:8:9-43
	android:allowBackup
		ADDED from src\main\AndroidManifest.xml:7:9-35
	android:theme
		ADDED from src\main\AndroidManifest.xml:10:9-40
	android:name
		ADDED from src\main\AndroidManifest.xml:6:9-39
activity#md2.testprojekt.StartActivity
ADDED from src\main\AndroidManifest.xml:11:4-18:21
	android:label
		ADDED from src\main\AndroidManifest.xml:13:14-46
	android:name
		ADDED from src\main\AndroidManifest.xml:12:14-43
intent-filter#android.intent.action.MAIN+android.intent.category.LAUNCHER
ADDED from src\main\AndroidManifest.xml:14:14-17:30
action#android.intent.action.MAIN
ADDED from src\main\AndroidManifest.xml:15:18-70
	android:name
		ADDED from src\main\AndroidManifest.xml:15:26-67
category#android.intent.category.LAUNCHER
ADDED from src\main\AndroidManifest.xml:16:18-78
	android:name
		ADDED from src\main\AndroidManifest.xml:16:28-75
activity#md2.testprojekt.firstViewActivity
ADDED from src\main\AndroidManifest.xml:19:9-22:20
	android:label
		ADDED from src\main\AndroidManifest.xml:21:10-58
	android:name
		ADDED from src\main\AndroidManifest.xml:20:10-43
uses-sdk
INJECTED from src\main\AndroidManifest.xml reason: use-sdk injection requested
INJECTED from src\main\AndroidManifest.xml
INJECTED from src\main\AndroidManifest.xml
MERGED from [:md2Library-debug] AndroidManifest.xml:8:5-10:41
MERGED from [:md2Library-debug] AndroidManifest.xml:8:5-10:41
INJECTED from src\main\AndroidManifest.xml
INJECTED from src\main\AndroidManifest.xml
	android:targetSdkVersion
		INJECTED from src\main\AndroidManifest.xml
		ADDED from src\main\AndroidManifest.xml
		INJECTED from src\main\AndroidManifest.xml
	android:minSdkVersion
		INJECTED from src\main\AndroidManifest.xml
		ADDED from src\main\AndroidManifest.xml
		INJECTED from src\main\AndroidManifest.xml